<?xml version="1.0" encoding="UTF-8"?>
<!-- Generated by org.testng.reporters.JUnitXMLReporter -->
<testsuite hostname="DESKTOP-G2DUPBF" name="Test(failed)" tests="4" failures="0" timestamp="5 Jan 2018 17:09:30 GMT" time="0.041" errors="0">
  <testcase name="@BeforeMethod Login" time="0.0" classname="testcases.EditLead">
    <failure type="org.testng.TestNGException" message="
Parameter &amp;apos;browser&amp;apos; is required by @Configuration on method Login but has not been marked @Optional or defined
in C:\SeleniumWorkspace\SEL-DEC\test-output\testng-failed.xml">
      <![CDATA[org.testng.TestNGException: 
Parameter 'browser' is required by @Configuration on method Login but has not been marked @Optional or defined
in C:\SeleniumWorkspace\SEL-DEC\test-output\testng-failed.xml
	at java.util.concurrent.ThreadPoolExecutor.runWorker(ThreadPoolExecutor.java:1142)
	at java.util.concurrent.ThreadPoolExecutor$Worker.run(ThreadPoolExecutor.java:617)
	at java.lang.Thread.run(Thread.java:744)
... Removed 9 stack frames]]>
    </failure>
  </testcase> <!-- @BeforeMethod Login -->
  <testcase name="@AfterMethod close" time="0.0" classname="testcases.EditLead">
    <skipped/>
  </testcase> <!-- @AfterMethod close -->
  <testcase name="createLead" time="0.0" classname="testcases.CreateLead">
    <skipped/>
  </testcase> <!-- createLead -->
  <testcase name="editLead" time="0.007" classname="testcases.EditLead">
    <skipped/>
  </testcase> <!-- editLead -->
  <testcase name="mergeLead" time="0.0" classname="testcases.MergeLead">
    <skipped/>
  </testcase> <!-- mergeLead -->
  <testcase name="deleteLead" time="0.0" classname="testcases.DeleteLead">
    <skipped/>
  </testcase> <!-- deleteLead -->
</testsuite> <!-- Test(failed) -->
