<?xml version="1.0" encoding="UTF-8"?>
<testng-results skipped="0" failed="0" total="1" passed="1">
  <reporter-output>
  </reporter-output>
  <suite name="Default suite" duration-ms="813" started-at="2018-03-08T18:57:48Z" finished-at="2018-03-08T18:57:49Z">
    <groups>
    </groups>
    <test name="Default test" duration-ms="813" started-at="2018-03-08T18:57:48Z" finished-at="2018-03-08T18:57:49Z">
      <class name="learnReporter.LearnExtent">
        <test-method status="PASS" signature="learnExtent()[pri:0, instance:learnReporter.LearnExtent@b5cdba]" name="learnExtent" duration-ms="797" started-at="2018-03-09T00:27:48Z" finished-at="2018-03-09T00:27:49Z">
          <reporter-output>
          </reporter-output>
        </test-method> <!-- learnExtent -->
      </class> <!-- learnReporter.LearnExtent -->
    </test> <!-- Default test -->
  </suite> <!-- Default suite -->
</testng-results>
